[2021-11-27 15:59:19.772] [exthost] [info] Extension host with pid 2071 started
[2021-11-27 15:59:19.779] [exthost] [info] Lock '/home/zaloznykhao/.vscode-server/data/User/workspaceStorage/7eaa96656fbf660f8d47c1f7b55866c3/vscode.lock': Lock acquired.
[2021-11-27 15:59:19.834] [exthost] [info] ExtensionService#_doActivateExtension vscode.debug-auto-launch, startup: true, activationEvent: '*'
[2021-11-27 15:59:19.839] [exthost] [info] ExtensionService#_doActivateExtension vscode.git, startup: true, activationEvent: '*', root cause: vscode.github
[2021-11-27 15:59:20.139] [exthost] [info] ExtensionService#_doActivateExtension vscode.github, startup: true, activationEvent: '*'
[2021-11-27 15:59:20.233] [exthost] [info] ExtensionService#_doActivateExtension vscode.merge-conflict, startup: false, activationEvent: 'onStartupFinished'
[2021-11-27 15:59:20.237] [exthost] [info] Eager extensions activated
[2021-11-27 15:59:23.330] [exthost] [info] ExtensionService#_doActivateExtension ms-azuretools.vscode-docker, startup: false, activationEvent: 'onLanguage:dockercompose'
[2021-11-27 16:00:31.510] [exthost] [info] ExtensionService#_doActivateExtension vscode.emmet, startup: false, activationEvent: 'onLanguage:php'
[2021-11-27 16:00:31.534] [exthost] [info] ExtensionService#_doActivateExtension vscode.php-language-features, startup: false, activationEvent: 'onLanguage:php'
[2021-11-27 16:00:35.581] [exthost] [info] ExtensionService#_doActivateExtension vscode.html-language-features, startup: false, activationEvent: 'onLanguage:html'
[2021-11-27 18:19:37.670] [exthost] [warning] [Decorations] CAPPING events from decorations provider vscode.git 2774
[2021-11-27 18:19:39.386] [exthost] [error] {"message":"Git error","stdout":"","stderr":"","exitCode":128}
[2021-11-27 18:19:39.386] [exthost] [error] {"message":"Git error","stdout":"","stderr":"","exitCode":128}
[2021-11-27 18:19:39.386] [exthost] [error] {"message":"Git error","stdout":"","stderr":"","exitCode":128}
[2021-11-27 18:19:39.386] [exthost] [error] {"message":"Git error","stdout":"","stderr":"","exitCode":128}
[2021-11-27 18:19:39.386] [exthost] [error] {"message":"Git error","stdout":"","stderr":"","exitCode":128}
[2021-11-27 18:19:39.387] [exthost] [error] {"message":"Git error","stdout":"","stderr":"","exitCode":128}
[2021-11-27 18:19:39.387] [exthost] [error] {"message":"Git error","stdout":"","stderr":"","exitCode":128}
[2021-11-27 18:19:39.387] [exthost] [error] {"message":"Git error","stdout":"","stderr":"","exitCode":128}
[2021-11-27 18:19:39.387] [exthost] [error] {"message":"Git error","stdout":"","stderr":"","exitCode":128}
[2021-11-27 18:19:39.387] [exthost] [error] {"message":"Git error","stdout":"","stderr":"","exitCode":128}
[2021-11-27 18:19:39.387] [exthost] [error] {"message":"Git error","stdout":"","stderr":"","exitCode":128}
[2021-11-27 18:19:39.387] [exthost] [error] {"message":"Git error","stdout":"","stderr":"","exitCode":128}
[2021-11-27 18:19:39.387] [exthost] [error] {"message":"Git error","stdout":"","stderr":"","exitCode":128}
[2021-11-27 18:19:39.387] [exthost] [error] {"message":"Git error","stdout":"","stderr":"","exitCode":128}
[2021-11-27 18:19:39.387] [exthost] [error] {"message":"Git error","stdout":"","stderr":"","exitCode":128}
[2021-11-27 18:19:39.387] [exthost] [error] {"message":"Git error","stdout":"","stderr":"","exitCode":128}
[2021-11-27 18:19:39.387] [exthost] [error] {"message":"Git error","stdout":"","stderr":"","exitCode":128}
[2021-11-27 18:19:39.387] [exthost] [error] {"message":"Git error","stdout":"","stderr":"","exitCode":128}
[2021-11-27 18:19:39.387] [exthost] [error] {"message":"Git error","stdout":"","stderr":"","exitCode":128}
[2021-11-27 18:19:39.387] [exthost] [error] {"message":"Git error","stdout":"","stderr":"","exitCode":128}
[2021-11-27 18:19:39.387] [exthost] [error] {"message":"Git error","stdout":"","stderr":"","exitCode":128}
[2021-11-27 18:19:39.387] [exthost] [error] {"message":"Git error","stdout":"","stderr":"","exitCode":128}
[2021-11-27 18:19:39.387] [exthost] [error] {"message":"Git error","stdout":"","stderr":"","exitCode":128}
[2021-11-27 18:19:39.387] [exthost] [error] {"message":"Git error","stdout":"","stderr":"","exitCode":128}
[2021-11-27 18:19:41.668] [exthost] [warning] [Decorations] CAPPING events from decorations provider vscode.git 2774
[2021-11-27 18:20:22.159] [exthost] [warning] [Decorations] CAPPING events from decorations provider vscode.git 2774
[2021-11-27 18:20:27.376] [exthost] [warning] [Decorations] CAPPING events from decorations provider vscode.git 2774
[2021-11-27 18:20:32.626] [exthost] [warning] [Decorations] CAPPING events from decorations provider vscode.git 2774
[2021-11-27 18:20:39.493] [exthost] [warning] [Decorations] CAPPING events from decorations provider vscode.git 2774
[2021-11-27 18:20:44.782] [exthost] [warning] [Decorations] CAPPING events from decorations provider vscode.git 2774
[2021-11-27 18:20:50.063] [exthost] [warning] [Decorations] CAPPING events from decorations provider vscode.git 2774
[2021-11-27 18:20:55.307] [exthost] [warning] [Decorations] CAPPING events from decorations provider vscode.git 2774
[2021-11-27 18:21:02.407] [exthost] [warning] [Decorations] CAPPING events from decorations provider vscode.git 2774
[2021-11-27 18:21:07.657] [exthost] [warning] [Decorations] CAPPING events from decorations provider vscode.git 2774
[2021-11-27 18:21:12.912] [exthost] [warning] [Decorations] CAPPING events from decorations provider vscode.git 2774
[2021-11-27 18:21:30.322] [exthost] [warning] [Decorations] CAPPING events from decorations provider vscode.git 2774
[2021-11-27 18:22:13.186] [exthost] [warning] [Decorations] CAPPING events from decorations provider vscode.git 2774
[2021-11-27 18:22:18.395] [exthost] [warning] [Decorations] CAPPING events from decorations provider vscode.git 2774
[2021-11-27 18:22:23.630] [exthost] [warning] [Decorations] CAPPING events from decorations provider vscode.git 2774
[2021-11-27 18:22:30.590] [exthost] [warning] [Decorations] CAPPING events from decorations provider vscode.git 2774
[2021-11-27 18:22:35.831] [exthost] [warning] [Decorations] CAPPING events from decorations provider vscode.git 2774
[2021-11-27 18:22:41.056] [exthost] [warning] [Decorations] CAPPING events from decorations provider vscode.git 2774
[2021-11-27 18:22:46.280] [exthost] [warning] [Decorations] CAPPING events from decorations provider vscode.git 2774
[2021-11-27 18:24:38.655] [exthost] [warning] [Decorations] CAPPING events from decorations provider vscode.git 2774
[2021-11-27 18:24:43.872] [exthost] [warning] [Decorations] CAPPING events from decorations provider vscode.git 2774
[2021-11-27 18:24:49.100] [exthost] [warning] [Decorations] CAPPING events from decorations provider vscode.git 2774
[2021-11-27 18:24:54.329] [exthost] [warning] [Decorations] CAPPING events from decorations provider vscode.git 2774
[2021-11-27 18:24:59.558] [exthost] [warning] [Decorations] CAPPING events from decorations provider vscode.git 2774
[2021-11-27 18:25:04.789] [exthost] [warning] [Decorations] CAPPING events from decorations provider vscode.git 2774
